H.sapiens_ECI2_enoylCoA_delta_isomerase_2_isoform_2
F.catus_ECI2_enoylCoA_delta_isomerase_2_isoform_X2
E.caballus_ECI2_enoylCoA_delta_isomerase_2_mitochondrial
C.mydas_ECI2_enoylCoA_delta_isomerase_2_isoform_X1
G.gallus_ECI2_enoylCoA_delta_isomerase_2_isoform_X4
S.townsendi_LOC125439329_enoylCoA_delta_isomerase_2like_isoform_X
S.salar_LOC106590083_enoylCoA_delta_isomerase_2
C.carcharias_eci2_enoylCoA_delta_isomerase_2_mitochondrial
D.rerio_eci2_enoylCoA_delta_isomerase_2_mitochondrial
S.salar_eci2_enoylCoA_delta_isomerase_2_mitochondrial
G.aculeatus_eci2_LOW_QUALITY_PROTEIN_enoylCoA_delta_isomerase_2_m
X.laevis_eci2.L_enoylCoA_delta_isomerase_2_L_homeolog_isoform_X1
S.townsendi_ECI2_enoylCoA_delta_isomerase_2
X.laevis_eci3.L_enoylCoA_delta_isomerase_2_isoform_X1
E.caballus_CDYL_chromodomain_Ylike_protein_isoform_X1
H.sapiens_CDYL_chromodomain_Ylike_protein_isoform_e
F.catus_CDYL_chromodomain_Ylike_protein_isoform_X6
X.laevis_cdyl.S_chromodomain_Ylike_protein_isoform_X2
X.laevis_cdyl.L_chromodomain_Ylike_protein
H.sapiens_CDY1_testisspecific_chromodomain_protein_Y_1_isoform_b
H.sapiens_CDY1B_testisspecific_chromodomain_protein_Y_1_isoform_b
G.gallus_CDYL_chromodomain_Ylike_protein_isoform_X1
S.townsendi_CDYL_chromodomain_Ylike_protein
C.mydas_CDYL_chromodomain_Ylike_protein
D.rerio_cdyl_chromodomain_Ylike_protein
H.sapiens_CDY2A_testisspecific_chromodomain_protein_Y_2
H.sapiens_CDY2B_testisspecific_chromodomain_protein_Y_2
S.salar_LOC106597143_chromodomain_Ylike_protein
G.aculeatus_cdyl_chromodomain_Ylike_protein_isoform_X1
C.carcharias_cdyl_chromodomain_Ylike_protein_isoform_X2
C.carcharias_LOC121279912_chromodomain_Ylike_protein_2_isoform_X2
G.gallus_CDYL2_chromodomain_Ylike_protein_2_isoform_X1
S.townsendi_CDYL2_chromodomain_Ylike_protein_2_isoform_X2
S.salar_LOC106568662_chromodomain_Ylike_protein_isoform_X2
X.laevis_cdyl2.L_chromodomain_Ylike_protein_2
X.laevis_cdyl2.S_chromodomain_Ylike_protein_2
F.catus_CDYL2_chromodomain_Ylike_protein_2
E.caballus_CDYL2_chromodomain_Ylike_protein_2
H.sapiens_CDYL2_chromodomain_Ylike_protein_2_isoform_X1
G.aculeatus_LOC120830797_chromodomain_Ylike_protein_2
S.salar_LOC106562298_chromodomain_Ylike_protein_2
S.salar_LOC106587457_chromodomain_Ylike_protein_2
C.mydas_CDYL2_chromodomain_Ylike_protein_2_isoform_X1
