H.sapiens_ECI2_enoylCoA_delta_isomerase_2_isoform_2	100.000	394	0	0	0.0	820	H.sapiens_ECI2_enoylCoA_delta_isomerase_2_isoform_2
F.catus_ECI2_enoylCoA_delta_isomerase_2_isoform_X2	83.289	377	59	2	0.0	644	F.catus_ECI2_enoylCoA_delta_isomerase_2_isoform_X2
E.caballus_ECI2_enoylCoA_delta_isomerase_2_mitochondrial	77.078	397	87	1	0.0	620	E.caballus_ECI2_enoylCoA_delta_isomerase_2_mitochondrial
C.mydas_ECI2_enoylCoA_delta_isomerase_2_isoform_X1	68.274	394	117	3	0.0	544	C.mydas_ECI2_enoylCoA_delta_isomerase_2_isoform_X1
G.gallus_ECI2_enoylCoA_delta_isomerase_2_isoform_X4	66.582	392	126	3	0.0	540	G.gallus_ECI2_enoylCoA_delta_isomerase_2_isoform_X4
S.townsendi_LOC125439329_enoylCoA_delta_isomerase_2like_isoform_X	65.075	398	133	3	0.0	537	S.townsendi_LOC125439329_enoylCoA_delta_isomerase_2like_isoform_X
S.salar_LOC106590083_enoylCoA_delta_isomerase_2	62.016	387	140	2	0.0	510	S.salar_LOC106590083_enoylCoA_delta_isomerase_2
C.carcharias_eci2_enoylCoA_delta_isomerase_2_mitochondrial	58.897	399	154	4	3.45e-175	496	C.carcharias_eci2_enoylCoA_delta_isomerase_2_mitochondrial
D.rerio_eci2_enoylCoA_delta_isomerase_2_mitochondrial	60.925	389	143	4	2.28e-173	491	D.rerio_eci2_enoylCoA_delta_isomerase_2_mitochondrial
S.salar_eci2_enoylCoA_delta_isomerase_2_mitochondrial	64.345	359	126	2	8.79e-173	489	S.salar_eci2_enoylCoA_delta_isomerase_2_mitochondrial
G.aculeatus_eci2_LOW_QUALITY_PROTEIN_enoylCoA_delta_isomerase_2_m	59.126	389	152	3	2.37e-171	486	G.aculeatus_eci2_LOW_QUALITY_PROTEIN_enoylCoA_delta_isomerase_2_m
X.laevis_eci2.L_enoylCoA_delta_isomerase_2_L_homeolog_isoform_X1	62.943	367	133	2	1.19e-165	471	X.laevis_eci2.L_enoylCoA_delta_isomerase_2_L_homeolog_isoform_X1
S.townsendi_ECI2_enoylCoA_delta_isomerase_2	61.719	256	94	1	2.47e-110	328	S.townsendi_ECI2_enoylCoA_delta_isomerase_2
X.laevis_eci3.L_enoylCoA_delta_isomerase_2_isoform_X1	52.805	303	132	3	1.25e-100	304	X.laevis_eci3.L_enoylCoA_delta_isomerase_2_isoform_X1
E.caballus_CDYL_chromodomain_Ylike_protein_isoform_X1	38.976	254	154	1	2.45e-56	196	E.caballus_CDYL_chromodomain_Ylike_protein_isoform_X1
H.sapiens_CDYL_chromodomain_Ylike_protein_isoform_e	38.976	254	154	1	1.78e-55	195	H.sapiens_CDYL_chromodomain_Ylike_protein_isoform_e
F.catus_CDYL_chromodomain_Ylike_protein_isoform_X6	38.976	254	154	1	1.87e-55	194	F.catus_CDYL_chromodomain_Ylike_protein_isoform_X6
X.laevis_cdyl.S_chromodomain_Ylike_protein_isoform_X2	39.764	254	152	1	2.42e-55	193	X.laevis_cdyl.S_chromodomain_Ylike_protein_isoform_X2
X.laevis_cdyl.L_chromodomain_Ylike_protein	39.370	254	153	1	7.58e-55	192	X.laevis_cdyl.L_chromodomain_Ylike_protein
H.sapiens_CDY1_testisspecific_chromodomain_protein_Y_1_isoform_b	40.741	243	143	1	1.37e-54	191	H.sapiens_CDY1_testisspecific_chromodomain_protein_Y_1_isoform_b
H.sapiens_CDY1B_testisspecific_chromodomain_protein_Y_1_isoform_b	40.741	243	143	1	1.37e-54	191	H.sapiens_CDY1B_testisspecific_chromodomain_protein_Y_1_isoform_b
G.gallus_CDYL_chromodomain_Ylike_protein_isoform_X1	38.583	254	155	1	3.33e-54	190	G.gallus_CDYL_chromodomain_Ylike_protein_isoform_X1
S.townsendi_CDYL_chromodomain_Ylike_protein	38.976	254	154	1	4.69e-54	191	S.townsendi_CDYL_chromodomain_Ylike_protein
C.mydas_CDYL_chromodomain_Ylike_protein	38.189	254	156	1	7.11e-54	189	C.mydas_CDYL_chromodomain_Ylike_protein
D.rerio_cdyl_chromodomain_Ylike_protein	37.795	254	157	1	8.39e-54	190	D.rerio_cdyl_chromodomain_Ylike_protein
H.sapiens_CDY2A_testisspecific_chromodomain_protein_Y_2	38.583	254	155	1	1.28e-53	189	H.sapiens_CDY2A_testisspecific_chromodomain_protein_Y_2
H.sapiens_CDY2B_testisspecific_chromodomain_protein_Y_2	38.583	254	155	1	1.28e-53	189	H.sapiens_CDY2B_testisspecific_chromodomain_protein_Y_2
S.salar_LOC106597143_chromodomain_Ylike_protein	37.795	254	157	1	1.80e-53	189	S.salar_LOC106597143_chromodomain_Ylike_protein
G.aculeatus_cdyl_chromodomain_Ylike_protein_isoform_X1	37.354	257	160	1	4.02e-53	187	G.aculeatus_cdyl_chromodomain_Ylike_protein_isoform_X1
C.carcharias_cdyl_chromodomain_Ylike_protein_isoform_X2	38.189	254	156	1	1.30e-52	186	C.carcharias_cdyl_chromodomain_Ylike_protein_isoform_X2
C.carcharias_LOC121279912_chromodomain_Ylike_protein_2_isoform_X2	38.583	254	155	1	2.77e-52	184	C.carcharias_LOC121279912_chromodomain_Ylike_protein_2_isoform_X2
G.gallus_CDYL2_chromodomain_Ylike_protein_2_isoform_X1	38.583	254	155	1	7.32e-52	183	G.gallus_CDYL2_chromodomain_Ylike_protein_2_isoform_X1
S.townsendi_CDYL2_chromodomain_Ylike_protein_2_isoform_X2	38.189	254	156	1	7.98e-52	183	S.townsendi_CDYL2_chromodomain_Ylike_protein_2_isoform_X2
S.salar_LOC106568662_chromodomain_Ylike_protein_isoform_X2	36.614	254	160	1	1.80e-51	184	S.salar_LOC106568662_chromodomain_Ylike_protein_isoform_X2
X.laevis_cdyl2.L_chromodomain_Ylike_protein_2	38.189	254	156	1	2.34e-51	182	X.laevis_cdyl2.L_chromodomain_Ylike_protein_2
X.laevis_cdyl2.S_chromodomain_Ylike_protein_2	38.189	254	156	1	3.77e-51	181	X.laevis_cdyl2.S_chromodomain_Ylike_protein_2
F.catus_CDYL2_chromodomain_Ylike_protein_2	37.795	254	157	1	3.06e-50	179	F.catus_CDYL2_chromodomain_Ylike_protein_2
E.caballus_CDYL2_chromodomain_Ylike_protein_2	37.795	254	157	1	3.36e-50	179	E.caballus_CDYL2_chromodomain_Ylike_protein_2
H.sapiens_CDYL2_chromodomain_Ylike_protein_2_isoform_X1	37.795	254	157	1	9.62e-50	178	H.sapiens_CDYL2_chromodomain_Ylike_protein_2_isoform_X1
G.aculeatus_LOC120830797_chromodomain_Ylike_protein_2	38.039	255	157	1	1.46e-49	177	G.aculeatus_LOC120830797_chromodomain_Ylike_protein_2
S.salar_LOC106562298_chromodomain_Ylike_protein_2	37.795	254	157	1	2.92e-49	177	S.salar_LOC106562298_chromodomain_Ylike_protein_2
S.salar_LOC106587457_chromodomain_Ylike_protein_2	37.795	254	157	1	3.55e-49	176	S.salar_LOC106587457_chromodomain_Ylike_protein_2
C.mydas_CDYL2_chromodomain_Ylike_protein_2_isoform_X1	35.531	273	156	1	4.37e-48	174	C.mydas_CDYL2_chromodomain_Ylike_protein_2_isoform_X1
C.carcharias_ech1_delta35Delta24dienoylCoA_isomerase_mitochondria	29.258	229	147	6	2.09e-21	96.7	C.carcharias_ech1_delta35Delta24dienoylCoA_isomerase_mitochondria
E.caballus_ECHDC3_enoylCoA_hydratase_domaincontaining_protein_3_m	29.218	243	148	6	8.90e-21	94.7	E.caballus_ECHDC3_enoylCoA_hydratase_domaincontaining_protein_3_m
S.townsendi_ACBD5_acylCoAbinding_domaincontaining_protein_5	52.055	73	35	0	3.62e-18	89.4	S.townsendi_ACBD5_acylCoAbinding_domaincontaining_protein_5
D.rerio_acbd5a_acylCoAbinding_domaincontaining_protein_5A_isoform	52.055	73	35	0	4.78e-18	89.0	D.rerio_acbd5a_acylCoAbinding_domaincontaining_protein_5A_isoform
F.catus_ECHDC3_enoylCoA_hydratase_domaincontaining_protein_3_mito	29.630	216	133	6	1.26e-17	86.3	F.catus_ECHDC3_enoylCoA_hydratase_domaincontaining_protein_3_mito
G.aculeatus_LOC120819400_acylCoAbinding_proteinlike	47.436	78	41	0	1.83e-17	79.7	G.aculeatus_LOC120819400_acylCoAbinding_proteinlike
C.carcharias_acbd6_acylCoAbinding_domaincontaining_protein_6	34.815	135	78	2	2.22e-17	84.7	C.carcharias_acbd6_acylCoAbinding_domaincontaining_protein_6
C.mydas_ACBD5_acylCoAbinding_domaincontaining_protein_5_isoform_X	45.055	91	46	1	2.76e-17	86.7	C.mydas_ACBD5_acylCoAbinding_domaincontaining_protein_5_isoform_X
F.catus_ECH1_delta35Delta24dienoylCoA_isomerase_mitochondrial	29.032	217	143	7	3.51e-17	84.7	F.catus_ECH1_delta35Delta24dienoylCoA_isomerase_mitochondrial
G.gallus_ECH1_delta35Delta24dienoylCoA_isomerase_mitochondrial_is	31.429	210	130	7	4.33e-17	84.3	G.gallus_ECH1_delta35Delta24dienoylCoA_isomerase_mitochondrial_is
X.laevis_dbi.S_diazepam_binding_inhibitor	50.000	80	40	0	7.14e-17	78.2	X.laevis_dbi.S_diazepam_binding_inhibitor
G.aculeatus_acbd5a_acylCoAbinding_domaincontaining_protein_5A	43.956	91	47	1	1.01e-16	84.7	G.aculeatus_acbd5a_acylCoAbinding_domaincontaining_protein_5A
C.carcharias_acbd5a_acylCoAbinding_domaincontaining_protein_5A_is	43.617	94	49	1	1.48e-16	84.3	C.carcharias_acbd5a_acylCoAbinding_domaincontaining_protein_5A_is
G.gallus_ACBD5_acylCoAbinding_domaincontaining_protein_5_isoform_	43.956	91	47	1	1.56e-16	84.3	G.gallus_ACBD5_acylCoAbinding_domaincontaining_protein_5_isoform_
G.aculeatus_echdc3_enoylCoA_hydratase_domaincontaining_protein_3_	27.570	214	134	5	1.67e-16	82.4	G.aculeatus_echdc3_enoylCoA_hydratase_domaincontaining_protein_3_
C.carcharias_dbi_acylCoAbinding_protein	47.500	80	42	0	2.05e-16	77.0	C.carcharias_dbi_acylCoAbinding_protein
C.mydas_DBI_acylCoAbinding_protein_isoform_X1	46.250	80	43	0	2.30e-16	76.6	C.mydas_DBI_acylCoAbinding_protein_isoform_X1
E.caballus_ECH1_delta35Delta24dienoylCoA_isomerase_mitochondrial	28.426	197	127	6	2.66e-16	82.4	E.caballus_ECH1_delta35Delta24dienoylCoA_isomerase_mitochondrial
S.salar_LOC106579699_acylCoAbinding_domaincontaining_protein_5A_i	40.426	94	52	1	7.86e-16	82.4	S.salar_LOC106579699_acylCoAbinding_domaincontaining_protein_5A_i
C.carcharias_echdc3_enoylCoA_hydratase_domaincontaining_protein_3	32.258	186	113	6	9.13e-16	80.5	C.carcharias_echdc3_enoylCoA_hydratase_domaincontaining_protein_3
X.laevis_dbi.L_diazepam_binding_inhibitor_isoform_X1	48.101	79	41	0	1.45e-15	75.5	X.laevis_dbi.L_diazepam_binding_inhibitor_isoform_X1
S.salar_LOC106609342_enoylCoA_hydratase_domaincontaining_protein_	29.167	192	113	5	1.81e-15	79.3	S.salar_LOC106609342_enoylCoA_hydratase_domaincontaining_protein_
H.sapiens_ECH1_delta35Delta24dienoylCoA_isomerase_mitochondrial_p	29.437	231	142	9	1.97e-15	79.7	H.sapiens_ECH1_delta35Delta24dienoylCoA_isomerase_mitochondrial_p
H.sapiens_ECH1_delta35Delta24dienoylCoA_isomerase_mitochondrial_p	29.437	231	142	9	1.97e-15	79.7	H.sapiens_ECH1_delta35Delta24dienoylCoA_isomerase_mitochondrial_p
X.laevis_acbd5.L_acylCoAbinding_domaincontaining_protein_5	41.489	94	51	1	2.01e-15	80.9	X.laevis_acbd5.L_acylCoAbinding_domaincontaining_protein_5
S.salar_LOC106590305_acylCoAbinding_domaincontaining_protein_5A	40.659	91	50	1	2.74e-15	80.5	S.salar_LOC106590305_acylCoAbinding_domaincontaining_protein_5A
S.townsendi_ECHS1_enoylCoA_hydratase_mitochondrial	26.210	248	147	5	3.29e-15	79.3	S.townsendi_ECHS1_enoylCoA_hydratase_mitochondrial
F.catus_DBI_acylCoAbinding_protein	46.250	80	43	0	4.26e-15	73.2	F.catus_DBI_acylCoAbinding_protein
S.salar_LOC100136409_acylCoAbinding_protein	42.500	80	46	0	4.52e-15	73.2	S.salar_LOC100136409_acylCoAbinding_protein
C.mydas_ECH1_delta35Delta24dienoylCoA_isomerase_mitochondrial_iso	28.922	204	135	5	5.57e-15	78.2	C.mydas_ECH1_delta35Delta24dienoylCoA_isomerase_mitochondrial_iso
G.gallus_DBI_acylCoAbinding_protein	45.000	80	44	0	5.84e-15	72.8	G.gallus_DBI_acylCoAbinding_protein
X.laevis_echdc3.L_enoylCoA_hydratase_domaincontaining_protein_3_m	25.792	221	147	5	7.91e-15	77.4	X.laevis_echdc3.L_enoylCoA_hydratase_domaincontaining_protein_3_m
S.townsendi_DBI_acylCoAbinding_protein	41.250	80	47	0	9.18e-15	72.4	S.townsendi_DBI_acylCoAbinding_protein
E.caballus_DBI_acylCoAbinding_protein_isoform_X2	40.000	90	54	0	9.32e-15	72.4	E.caballus_DBI_acylCoAbinding_protein_isoform_X2
G.aculeatus_LOC120833634_acylCoAbinding_proteinlike	41.463	82	48	0	1.10e-14	72.0	G.aculeatus_LOC120833634_acylCoAbinding_proteinlike
S.salar_LOC106586586_acylCoAbinding_protein	41.250	80	47	0	1.11e-14	72.0	S.salar_LOC106586586_acylCoAbinding_protein
G.gallus_ECHS1_enoylCoA_hydratase_mitochondrial_isoform_X1	29.775	178	104	3	1.35e-14	78.2	G.gallus_ECHS1_enoylCoA_hydratase_mitochondrial_isoform_X1
H.sapiens_ACBD5_acylCoAbinding_domaincontaining_protein_5_isoform	40.659	91	50	1	1.79e-14	78.2	H.sapiens_ACBD5_acylCoAbinding_domaincontaining_protein_5_isoform
F.catus_ACBD5_acylCoAbinding_domaincontaining_protein_5	40.659	91	50	1	1.79e-14	78.2	F.catus_ACBD5_acylCoAbinding_domaincontaining_protein_5
F.catus_ECHS1_enoylCoA_hydratase_mitochondrial	27.670	206	117	5	1.85e-14	76.3	F.catus_ECHS1_enoylCoA_hydratase_mitochondrial
G.gallus_ACBD7_acylCoAbinding_domaincontaining_protein_7_isoform_	45.000	80	44	0	2.11e-14	72.4	G.gallus_ACBD7_acylCoAbinding_domaincontaining_protein_7_isoform_
D.rerio_dbi_acylCoAbinding_protein_isoform_1	42.500	80	46	0	2.29e-14	71.2	D.rerio_dbi_acylCoAbinding_protein_isoform_1
C.mydas_ECHS1_enoylCoA_hydratase_mitochondrial	24.621	264	181	4	2.66e-14	75.9	C.mydas_ECHS1_enoylCoA_hydratase_mitochondrial
H.sapiens_ECHDC3_enoylCoA_hydratase_domaincontaining_protein_3_mi	28.283	198	119	6	3.43e-14	76.3	H.sapiens_ECHDC3_enoylCoA_hydratase_domaincontaining_protein_3_mi
G.aculeatus_acbd4_acylCoAbinding_domaincontaining_protein_4	34.513	113	70	1	3.90e-14	76.6	G.aculeatus_acbd4_acylCoAbinding_domaincontaining_protein_4
E.caballus_ECHS1_enoylCoA_hydratase_mitochondrial	26.316	209	122	4	4.59e-14	75.1	E.caballus_ECHS1_enoylCoA_hydratase_mitochondrial
E.caballus_ACBD5_acylCoAbinding_domaincontaining_protein_5_isofor	39.560	91	51	1	5.42e-14	76.6	E.caballus_ACBD5_acylCoAbinding_domaincontaining_protein_5_isofor
G.gallus_ACBD6_acylCoAbinding_domaincontaining_protein_6	41.346	104	60	1	7.87e-14	74.3	G.gallus_ACBD6_acylCoAbinding_domaincontaining_protein_6
D.rerio_acbd6_acylCoAbinding_domaincontaining_protein_6	37.383	107	66	1	1.06e-13	74.3	D.rerio_acbd6_acylCoAbinding_domaincontaining_protein_6
S.salar_ech1_delta35Delta24dienoylCoA_isomerase_mitochondrial	27.551	196	130	6	1.50e-13	73.9	S.salar_ech1_delta35Delta24dienoylCoA_isomerase_mitochondrial
D.rerio_echs1_enoylCoA_hydratase_mitochondrial	27.232	224	122	5	1.52e-13	73.6	D.rerio_echs1_enoylCoA_hydratase_mitochondrial
S.salar_echs1_enoylCoA_hydratase_mitochondrial_precursor	27.064	218	130	5	1.55e-13	73.6	S.salar_echs1_enoylCoA_hydratase_mitochondrial_precursor
C.mydas_ACBD6_acylCoAbinding_domaincontaining_protein_6_isoform_X	40.000	110	65	1	1.78e-13	73.2	C.mydas_ACBD6_acylCoAbinding_domaincontaining_protein_6_isoform_X
E.caballus_ACBD6_acylCoAbinding_domaincontaining_protein_6_isofor	36.842	133	79	2	2.10e-13	73.2	E.caballus_ACBD6_acylCoAbinding_domaincontaining_protein_6_isofor
F.catus_ECHDC2_enoylCoA_hydratase_domaincontaining_protein_2_mito	27.230	213	144	5	2.41e-13	73.2	F.catus_ECHDC2_enoylCoA_hydratase_domaincontaining_protein_2_mito
H.sapiens_ACBD4_acylCoAbinding_domaincontaining_protein_4_isoform	42.857	77	40	1	2.93e-13	73.6	H.sapiens_ACBD4_acylCoAbinding_domaincontaining_protein_4_isoform
C.mydas_LOC102933180_diazepambinding_inhibitorlike_5	41.250	80	47	0	3.04e-13	68.2	C.mydas_LOC102933180_diazepambinding_inhibitorlike_5
C.mydas_ECHDC3_enoylCoA_hydratase_domaincontaining_protein_3_mito	29.353	201	120	8	3.11e-13	72.8	C.mydas_ECHDC3_enoylCoA_hydratase_domaincontaining_protein_3_mito
C.carcharias_echs1_enoylCoA_hydratase_mitochondrial	26.638	229	131	6	3.61e-13	72.4	C.carcharias_echs1_enoylCoA_hydratase_mitochondrial
S.townsendi_ECH1_delta35Delta24dienoylCoA_isomerase_mitochondrial	28.440	218	143	6	3.68e-13	72.0	S.townsendi_ECH1_delta35Delta24dienoylCoA_isomerase_mitochondrial
F.catus_ACBD4_acylCoAbinding_domaincontaining_protein_4_isoform_X	40.000	85	47	1	3.75e-13	72.8	F.catus_ACBD4_acylCoAbinding_domaincontaining_protein_4_isoform_X
G.gallus_ECHDC3_enoylCoA_hydratase_domaincontaining_protein_3_mit	26.596	188	121	5	4.56e-13	72.4	G.gallus_ECHDC3_enoylCoA_hydratase_domaincontaining_protein_3_mit
E.caballus_ACBD4_acylCoAbinding_domaincontaining_protein_4_isofor	40.000	85	47	1	4.78e-13	72.4	E.caballus_ACBD4_acylCoAbinding_domaincontaining_protein_4_isofor
G.aculeatus_acbd7_acylCoAbinding_domaincontaining_protein_7	40.741	81	48	0	4.98e-13	67.4	G.aculeatus_acbd7_acylCoAbinding_domaincontaining_protein_7
S.salar_LOC106598143_acylCoAbinding_domaincontaining_protein_5Ali	39.560	91	50	2	4.99e-13	73.6	S.salar_LOC106598143_acylCoAbinding_domaincontaining_protein_5Ali
X.laevis_ech1.L_enoylCoA_hydratase_1_peroxisomal_L_homeolog_isofo	27.179	195	132	4	5.88e-13	72.0	X.laevis_ech1.L_enoylCoA_hydratase_1_peroxisomal_L_homeolog_isofo
G.aculeatus_echs1_enoylCoA_hydratase_mitochondrial	25.200	250	160	5	5.93e-13	72.0	G.aculeatus_echs1_enoylCoA_hydratase_mitochondrial
G.aculeatus_acbd6_acylCoAbinding_domaincontaining_protein_6_isofo	34.906	106	66	2	6.67e-13	72.4	G.aculeatus_acbd6_acylCoAbinding_domaincontaining_protein_6_isofo
S.salar_acbd7_acylCoAbinding_domaincontaining_protein_7	39.241	79	48	0	9.51e-13	66.6	S.salar_acbd7_acylCoAbinding_domaincontaining_protein_7
H.sapiens_ECHS1_enoylCoA_hydratase_mitochondrial	26.455	189	110	3	1.07e-12	71.2	H.sapiens_ECHS1_enoylCoA_hydratase_mitochondrial
X.laevis_echs1.L_enoylCoA_hydratase_short_chain_1_mitochondrial_L	24.291	247	166	3	1.22e-12	70.9	X.laevis_echs1.L_enoylCoA_hydratase_short_chain_1_mitochondrial_L
S.townsendi_ECHDC3_enoylCoA_hydratase_domaincontaining_protein_3_	27.957	186	125	4	1.30e-12	71.2	S.townsendi_ECHDC3_enoylCoA_hydratase_domaincontaining_protein_3_
X.laevis_LOC108718635_acylCoAbinding_protein_homolog	44.304	79	44	0	2.62e-12	65.5	X.laevis_LOC108718635_acylCoAbinding_protein_homolog
C.carcharias_LOC121269040_acylCoAbinding_domaincontaining_protein	40.000	80	44	1	3.12e-12	71.2	C.carcharias_LOC121269040_acylCoAbinding_domaincontaining_protein
S.salar_acbd4_acylCoAbinding_domaincontaining_protein_4_isoform_X	34.513	113	70	1	3.83e-12	70.9	S.salar_acbd4_acylCoAbinding_domaincontaining_protein_4_isoform_X
D.rerio_acbd7_acylCoAbinding_domaincontaining_protein_7	41.333	75	44	0	4.16e-12	64.7	D.rerio_acbd7_acylCoAbinding_domaincontaining_protein_7
S.townsendi_ACBD6_acylCoAbinding_domaincontaining_protein_6	39.423	104	62	1	5.00e-12	69.3	S.townsendi_ACBD6_acylCoAbinding_domaincontaining_protein_6
D.rerio_acbd4_acylCoAbinding_domaincontaining_protein_4	33.333	93	58	1	6.05e-12	69.7	D.rerio_acbd4_acylCoAbinding_domaincontaining_protein_4
C.mydas_ACBD4_acylCoAbinding_domaincontaining_protein_4_isoform_X	41.558	77	41	1	6.64e-12	69.7	C.mydas_ACBD4_acylCoAbinding_domaincontaining_protein_4_isoform_X
S.salar_LOC106597654_acylCoAbinding_domaincontaining_protein_7	37.975	79	49	0	6.71e-12	64.3	S.salar_LOC106597654_acylCoAbinding_domaincontaining_protein_7
H.sapiens_DBI_acylCoAbinding_protein_isoform_6	46.377	69	37	0	6.95e-12	65.9	H.sapiens_DBI_acylCoAbinding_protein_isoform_6
D.rerio_acbd5b_acylCoAbinding_domaincontaining_protein_5B_isoform	35.455	110	60	2	7.02e-12	69.7	D.rerio_acbd5b_acylCoAbinding_domaincontaining_protein_5B_isoform
X.laevis_LOC108719883_acylCoAbinding_protein_homolog	41.772	79	46	0	7.28e-12	63.9	X.laevis_LOC108719883_acylCoAbinding_protein_homolog
H.sapiens_ECHDC2_enoylCoA_hydratase_domaincontaining_protein_2_mi	25.701	214	149	4	9.48e-12	68.6	H.sapiens_ECHDC2_enoylCoA_hydratase_domaincontaining_protein_2_mi
C.mydas_ACBD7_acylCoAbinding_domaincontaining_protein_7	43.836	73	41	0	1.29e-11	63.5	C.mydas_ACBD7_acylCoAbinding_domaincontaining_protein_7
D.rerio_ech1_delta35Delta24dienoylCoA_isomerase_mitochondrial	27.041	196	133	5	1.69e-11	67.8	D.rerio_ech1_delta35Delta24dienoylCoA_isomerase_mitochondrial
X.laevis_acbd4.L_acylCoAbinding_domaincontaining_protein_4	46.429	56	30	0	1.74e-11	68.2	X.laevis_acbd4.L_acylCoAbinding_domaincontaining_protein_4
D.rerio_ech1_delta35Delta24dienoylCoA_isomerase_mitochondrial	27.041	196	133	5	1.85e-11	67.8	D.rerio_ech1_delta35Delta24dienoylCoA_isomerase_mitochondrial
S.townsendi_ACBD7_acylCoAbinding_domaincontaining_protein_7	42.466	73	42	0	2.08e-11	62.8	S.townsendi_ACBD7_acylCoAbinding_domaincontaining_protein_7
H.sapiens_ACBD6_acylCoAbinding_domaincontaining_protein_6	37.500	104	64	1	2.14e-11	67.4	H.sapiens_ACBD6_acylCoAbinding_domaincontaining_protein_6
S.townsendi_ACBD4_acylCoAbinding_domaincontaining_protein_4	41.026	78	41	1	2.26e-11	68.6	S.townsendi_ACBD4_acylCoAbinding_domaincontaining_protein_4
F.catus_ACBD6_acylCoAbinding_domaincontaining_protein_6_isoform_X	38.462	104	63	1	2.26e-11	67.0	F.catus_ACBD6_acylCoAbinding_domaincontaining_protein_6_isoform_X
H.sapiens_ACBD7_acylCoAbinding_domaincontaining_protein_7	40.741	81	48	0	3.63e-11	62.0	H.sapiens_ACBD7_acylCoAbinding_domaincontaining_protein_7
S.salar_acbd6_acylCoAbinding_domaincontaining_protein_6_isoform_X	42.424	99	52	3	4.06e-11	66.6	S.salar_acbd6_acylCoAbinding_domaincontaining_protein_6_isoform_X
S.salar_LOC106574430_acylCoAbinding_protein	37.500	80	50	0	4.18e-11	62.0	S.salar_LOC106574430_acylCoAbinding_protein
S.salar_LOC106575269_acylCoAbinding_protein	37.500	80	50	0	5.91e-11	62.0	S.salar_LOC106575269_acylCoAbinding_protein
X.laevis_auh.S_AU_RNA_binding_proteinenoylCoA_hydratase_S_homeolo	25.116	215	149	4	6.93e-11	66.2	X.laevis_auh.S_AU_RNA_binding_proteinenoylCoA_hydratase_S_homeolo
G.aculeatus_ech1_delta35Delta24dienoylCoA_isomerase_mitochondrial	24.615	195	137	5	9.01e-11	65.5	G.aculeatus_ech1_delta35Delta24dienoylCoA_isomerase_mitochondrial
S.salar_LOC106584314_acylCoAbinding_domaincontaining_protein_6_is	41.414	99	53	2	9.34e-11	65.5	S.salar_LOC106584314_acylCoAbinding_domaincontaining_protein_6_is
G.gallus_ACBD4_acylCoAbinding_domaincontaining_protein_4_isoform_	50.000	56	28	0	2.08e-10	65.1	G.gallus_ACBD4_acylCoAbinding_domaincontaining_protein_4_isoform_
G.aculeatus_LOC120816646_acylCoAbinding_domaincontaining_protein_	41.096	73	42	1	2.11e-10	65.5	G.aculeatus_LOC120816646_acylCoAbinding_domaincontaining_protein_
F.catus_ACBD7_acylCoAbinding_domaincontaining_protein_7_isoform_X	41.096	73	43	0	2.25e-10	60.5	F.catus_ACBD7_acylCoAbinding_domaincontaining_protein_7_isoform_X
S.salar_LOC106576218_enoylCoA_hydratase_domaincontaining_protein_	29.139	151	97	3	2.58e-10	63.2	S.salar_LOC106576218_enoylCoA_hydratase_domaincontaining_protein_
D.rerio_zgc:101569_uncharacterized_protein_LOC449822_isoform_1	26.201	229	147	5	2.64e-10	64.3	D.rerio_zgc:101569_uncharacterized_protein_LOC449822_isoform_1
E.caballus_ECHDC2_enoylCoA_hydratase_domaincontaining_protein_2_m	24.569	232	143	5	4.62e-10	63.5	E.caballus_ECHDC2_enoylCoA_hydratase_domaincontaining_protein_2_m
S.townsendi_LOC125438952_carnitinylCoA_dehydrataselike	24.299	214	156	4	1.02e-09	62.4	S.townsendi_LOC125438952_carnitinylCoA_dehydrataselike
S.salar_zgc:101569_23dehydroadipylCoA_hydratase_isoform_X1	23.581	229	154	3	1.13e-09	62.4	S.salar_zgc:101569_23dehydroadipylCoA_hydratase_isoform_X1
X.laevis_LOC495229_methylglutaconylCoA_hydratase_mitochondrial_is	24.186	215	151	4	1.28e-09	62.4	X.laevis_LOC495229_methylglutaconylCoA_hydratase_mitochondrial_is
E.caballus_ACBD7_acylCoAbinding_domaincontaining_protein_7	39.726	73	44	0	9.60e-09	56.6	E.caballus_ACBD7_acylCoAbinding_domaincontaining_protein_7
X.laevis_LOC108719127_probable_enoylCoA_hydratase_echA8	27.179	195	120	5	1.28e-08	59.3	X.laevis_LOC108719127_probable_enoylCoA_hydratase_echA8
G.gallus_ECHDC2_enoylCoA_hydratase_domaincontaining_protein_2_mit	24.215	223	159	4	2.27e-08	58.2	G.gallus_ECHDC2_enoylCoA_hydratase_domaincontaining_protein_2_mit
C.carcharias_zgc:101569_probable_enoylCoA_hydratase	26.776	183	128	4	2.32e-08	58.5	C.carcharias_zgc:101569_probable_enoylCoA_hydratase
C.carcharias_auh_methylglutaconylCoA_hydratase_mitochondrial_isof	24.895	237	164	5	2.39e-08	58.5	C.carcharias_auh_methylglutaconylCoA_hydratase_mitochondrial_isof
S.townsendi_ECHDC2_enoylCoA_hydratase_domaincontaining_protein_2_	24.057	212	151	4	3.43e-08	57.8	S.townsendi_ECHDC2_enoylCoA_hydratase_domaincontaining_protein_2_
C.mydas_ECHDC2_enoylCoA_hydratase_domaincontaining_protein_2_mito	23.651	241	154	7	4.33e-08	57.4	C.mydas_ECHDC2_enoylCoA_hydratase_domaincontaining_protein_2_mito
C.mydas_LOC102947766_mevalonylcoenzyme_A_hydratase_sidH	23.944	213	144	4	5.34e-08	57.4	C.mydas_LOC102947766_mevalonylcoenzyme_A_hydratase_sidH
X.laevis_XB941699.L_uncharacterized_protein_LOC100127286_isoform_	26.344	186	131	4	4.48e-07	54.3	X.laevis_XB941699.L_uncharacterized_protein_LOC100127286_isoform_
G.aculeatus_echdc2_enoylCoA_hydratase_domaincontaining_protein_2_	22.791	215	153	5	4.71e-07	54.3	G.aculeatus_echdc2_enoylCoA_hydratase_domaincontaining_protein_2_
S.salar_auh_methylglutaconylCoA_hydratase_mitochondrial	23.364	214	154	4	9.45e-07	53.5	S.salar_auh_methylglutaconylCoA_hydratase_mitochondrial
C.carcharias_echdc2_enoylCoA_hydratase_domaincontaining_protein_2	22.170	212	155	4	1.50e-06	52.8	C.carcharias_echdc2_enoylCoA_hydratase_domaincontaining_protein_2
X.laevis_acbd6.S_acylCoAbinding_domaincontaining_protein_6_isofor	29.412	136	70	3	3.84e-06	51.6	X.laevis_acbd6.S_acylCoAbinding_domaincontaining_protein_6_isofor
G.aculeatus_auh_methylglutaconylCoA_hydratase_mitochondrial	21.698	212	156	3	4.26e-06	51.2	G.aculeatus_auh_methylglutaconylCoA_hydratase_mitochondrial
D.rerio_auh_methylglutaconylCoA_hydratase_mitochondrial	23.750	240	161	6	5.13e-06	51.2	D.rerio_auh_methylglutaconylCoA_hydratase_mitochondrial
C.mydas_HIBCH_3hydroxyisobutyrylCoA_hydrolase_mitochondrial_isofo	27.333	150	86	6	2.09e-05	49.7	C.mydas_HIBCH_3hydroxyisobutyrylCoA_hydrolase_mitochondrial_isofo
X.laevis_hibch.L_3hydroxyisobutyrylCoA_hydrolase_mitochondrial	28.000	150	85	7	3.02e-05	48.9	X.laevis_hibch.L_3hydroxyisobutyrylCoA_hydrolase_mitochondrial
X.laevis_ehhadh.S_peroxisomal_bifunctional_enzyme	23.902	205	144	4	4.05e-05	49.3	X.laevis_ehhadh.S_peroxisomal_bifunctional_enzyme
S.salar_hibch_3hydroxyisobutyrylCoA_hydrolase_mitochondrial	26.207	145	94	6	4.06e-05	48.5	S.salar_hibch_3hydroxyisobutyrylCoA_hydrolase_mitochondrial
C.mydas_EHHADH_peroxisomal_bifunctional_enzyme	22.927	205	137	7	5.13e-05	48.9	C.mydas_EHHADH_peroxisomal_bifunctional_enzyme
S.salar_LOC106584286_enoylCoA_hydratase_domaincontaining_protein_	24.537	216	149	6	5.82e-05	48.1	S.salar_LOC106584286_enoylCoA_hydratase_domaincontaining_protein_
C.mydas_AUH_methylglutaconylCoA_hydratase_mitochondrial_isoform_X	25.854	205	126	6	5.88e-05	47.8	C.mydas_AUH_methylglutaconylCoA_hydratase_mitochondrial_isoform_X
X.laevis_LOC108714324_enoylCoA_hydratase_domaincontaining_protein	23.333	210	151	4	5.96e-05	47.8	X.laevis_LOC108714324_enoylCoA_hydratase_domaincontaining_protein
D.rerio_zgc:162964_uncharacterized_protein_LOC560569	40.000	65	36	1	6.69e-05	48.1	D.rerio_zgc:162964_uncharacterized_protein_LOC560569
D.rerio_ehhadh_peroxisomal_bifunctional_enzyme	24.468	188	130	4	7.37e-05	48.1	D.rerio_ehhadh_peroxisomal_bifunctional_enzyme
G.aculeatus_hibch_3hydroxyisobutyrylCoA_hydrolase_mitochondrial	26.404	178	98	8	8.38e-05	47.8	G.aculeatus_hibch_3hydroxyisobutyrylCoA_hydrolase_mitochondrial
E.caballus_EHHADH_peroxisomal_bifunctional_enzyme	26.506	166	100	4	1.11e-04	47.8	E.caballus_EHHADH_peroxisomal_bifunctional_enzyme
D.rerio_echdc2_enoylCoA_hydratase_domaincontaining_protein_2_mito	22.381	210	151	4	1.24e-04	47.0	D.rerio_echdc2_enoylCoA_hydratase_domaincontaining_protein_2_mito
G.gallus_HIBCH_3hydroxyisobutyrylCoA_hydrolase_mitochondrial_isof	23.602	161	100	7	1.69e-04	46.6	G.gallus_HIBCH_3hydroxyisobutyrylCoA_hydrolase_mitochondrial_isof
S.salar_acbd3_Golgi_resident_protein_GCP60_isoform_X1	39.683	63	35	1	2.20e-04	46.6	S.salar_acbd3_Golgi_resident_protein_GCP60_isoform_X1
S.salar_LOC106571761_Golgi_resident_protein_GCP60like_isoform_X4	39.683	63	35	1	2.47e-04	46.6	S.salar_LOC106571761_Golgi_resident_protein_GCP60like_isoform_X4
C.carcharias_hibch_3hydroxyisobutyrylCoA_hydrolase_mitochondrial_	25.874	143	97	5	2.58e-04	46.2	C.carcharias_hibch_3hydroxyisobutyrylCoA_hydrolase_mitochondrial_
H.sapiens_ACBD3_Golgi_resident_protein_GCP60	41.270	63	34	1	4.05e-04	45.8	H.sapiens_ACBD3_Golgi_resident_protein_GCP60
E.caballus_ACBD3_Golgi_resident_protein_GCP60_isoform_X1	41.270	63	34	1	5.24e-04	45.4	E.caballus_ACBD3_Golgi_resident_protein_GCP60_isoform_X1
F.catus_ACBD3_Golgi_resident_protein_GCP60_isoform_X1	41.270	63	34	1	5.90e-04	45.4	F.catus_ACBD3_Golgi_resident_protein_GCP60_isoform_X1
D.rerio_hibch_3hydroxyisobutyrylCoA_hydrolase_mitochondrial	23.611	144	99	6	6.17e-04	45.1	D.rerio_hibch_3hydroxyisobutyrylCoA_hydrolase_mitochondrial
C.mydas_ACBD3_Golgi_resident_protein_GCP60	39.683	63	35	1	8.44e-04	44.7	C.mydas_ACBD3_Golgi_resident_protein_GCP60
S.townsendi_AUH_methylglutaconylCoA_hydratase_mitochondrial_isofo	23.626	182	119	3	8.98e-04	44.3	S.townsendi_AUH_methylglutaconylCoA_hydratase_mitochondrial_isofo
X.laevis_acbd3.S_Golgi_resident_protein_GCP60_isoform_X1	35.938	64	38	1	0.001	44.7	X.laevis_acbd3.S_Golgi_resident_protein_GCP60_isoform_X1
G.aculeatus_acbd3_Golgi_resident_protein_GCP60_isoform_X1	39.683	63	35	1	0.001	43.9	G.aculeatus_acbd3_Golgi_resident_protein_GCP60_isoform_X1
C.carcharias_acbd3_Golgi_resident_protein_GCP60	38.095	63	36	1	0.002	43.9	C.carcharias_acbd3_Golgi_resident_protein_GCP60
G.gallus_ACBD3_Golgi_resident_protein_GCP60	38.095	63	36	1	0.002	43.9	G.gallus_ACBD3_Golgi_resident_protein_GCP60
S.townsendi_ECHDC1_ethylmalonylCoA_decarboxylase_isoform_X1	21.459	233	174	4	0.002	42.7	S.townsendi_ECHDC1_ethylmalonylCoA_decarboxylase_isoform_X1
S.salar_hadhab_hydroxyacylCoA_dehydrogenase_trifunctional_multien	27.273	88	62	1	0.003	43.1	S.salar_hadhab_hydroxyacylCoA_dehydrogenase_trifunctional_multien
H.sapiens_HIBCH_3hydroxyisobutyrylCoA_hydrolase_mitochondrial_iso	24.845	161	97	8	0.003	42.7	H.sapiens_HIBCH_3hydroxyisobutyrylCoA_hydrolase_mitochondrial_iso
S.townsendi_ACBD3_Golgi_resident_protein_GCP60	36.508	63	37	1	0.004	42.7	S.townsendi_ACBD3_Golgi_resident_protein_GCP60
D.rerio_acbd3_Golgi_resident_protein_GCP60	34.921	63	38	1	0.004	42.7	D.rerio_acbd3_Golgi_resident_protein_GCP60
G.gallus_EHHADH_peroxisomal_bifunctional_enzyme_isoform_X2	24.684	158	107	4	0.004	42.7	G.gallus_EHHADH_peroxisomal_bifunctional_enzyme_isoform_X2
S.salar_ehhadh_peroxisomal_bifunctional_enzyme	22.513	191	130	4	0.005	42.7	S.salar_ehhadh_peroxisomal_bifunctional_enzyme
X.laevis_acbd3.L_Golgi_resident_protein_GCP60	36.508	63	37	1	0.009	41.6	X.laevis_acbd3.L_Golgi_resident_protein_GCP60
E.caballus_AUH_methylglutaconylCoA_hydratase_mitochondrial_isofor	22.936	218	142	5	0.011	40.8	E.caballus_AUH_methylglutaconylCoA_hydratase_mitochondrial_isofor
F.catus_HIBCH_3hydroxyisobutyrylCoA_hydrolase_mitochondrial_isofo	24.725	182	116	7	0.012	41.2	F.catus_HIBCH_3hydroxyisobutyrylCoA_hydrolase_mitochondrial_isofo
G.aculeatus_hadhab_hydroxyacylCoA_dehydrogenase_trifunctional_mul	26.136	88	63	1	0.033	39.7	G.aculeatus_hadhab_hydroxyacylCoA_dehydrogenase_trifunctional_mul
F.catus_AUH_methylglutaconylCoA_hydratase_mitochondrial_isoform_X	22.857	210	152	4	0.036	39.7	F.catus_AUH_methylglutaconylCoA_hydratase_mitochondrial_isoform_X
E.caballus_ECI1_enoylCoA_delta_isomerase_1_mitochondrial_isoform_	21.198	217	160	5	0.045	38.9	E.caballus_ECI1_enoylCoA_delta_isomerase_1_mitochondrial_isoform_
H.sapiens_AUH_methylglutaconylCoA_hydratase_mitochondrial_isoform	21.905	210	152	4	0.059	38.5	H.sapiens_AUH_methylglutaconylCoA_hydratase_mitochondrial_isoform
S.townsendi_EHHADH_peroxisomal_bifunctional_enzyme	20.571	175	120	5	0.070	38.9	S.townsendi_EHHADH_peroxisomal_bifunctional_enzyme
G.aculeatus_ehhadh_peroxisomal_bifunctional_enzyme	25.000	188	129	4	0.083	38.5	G.aculeatus_ehhadh_peroxisomal_bifunctional_enzyme
G.aculeatus_echdc1_ethylmalonylCoA_decarboxylase_isoform_X1	22.981	161	116	3	0.13	37.4	G.aculeatus_echdc1_ethylmalonylCoA_decarboxylase_isoform_X1
H.sapiens_ECI1_enoylCoA_delta_isomerase_1_mitochondrial_isoform_2	21.198	217	160	5	0.18	37.0	H.sapiens_ECI1_enoylCoA_delta_isomerase_1_mitochondrial_isoform_2
D.rerio_echdc1_ethylmalonylCoA_decarboxylase_isoform_1	23.707	232	156	7	0.20	37.0	D.rerio_echdc1_ethylmalonylCoA_decarboxylase_isoform_1
G.gallus_HADHA_trifunctional_enzyme_subunit_alpha_mitochondrial	27.273	88	62	2	0.21	37.4	G.gallus_HADHA_trifunctional_enzyme_subunit_alpha_mitochondrial
S.salar_LOC106611334_trifunctional_enzyme_subunit_alpha_mitochond	25.287	87	63	1	0.22	37.4	S.salar_LOC106611334_trifunctional_enzyme_subunit_alpha_mitochond
H.sapiens_HADHA_trifunctional_enzyme_subunit_alpha_mitochondrial_	25.287	87	63	1	0.25	37.0	H.sapiens_HADHA_trifunctional_enzyme_subunit_alpha_mitochondrial_
X.laevis_echdc1.L_ethylmalonylCoA_decarboxylase	20.000	235	181	4	0.30	36.2	X.laevis_echdc1.L_ethylmalonylCoA_decarboxylase
D.rerio_hadhaa_hydroxyacylCoA_dehydrogenase_trifunctional_multien	25.000	88	64	1	0.43	36.2	D.rerio_hadhaa_hydroxyacylCoA_dehydrogenase_trifunctional_multien
D.rerio_hadhab_hydroxyacylCoA_dehydrogenase_trifunctional_multien	23.864	88	65	1	0.46	36.2	D.rerio_hadhab_hydroxyacylCoA_dehydrogenase_trifunctional_multien
C.carcharias_LOC121278346_trifunctional_enzyme_subunit_alpha_mito	26.190	84	60	1	1.3	34.7	C.carcharias_LOC121278346_trifunctional_enzyme_subunit_alpha_mito
E.caballus_HADHA_trifunctional_enzyme_subunit_alpha_mitochondrial	26.136	88	63	2	1.9	34.3	E.caballus_HADHA_trifunctional_enzyme_subunit_alpha_mitochondrial
S.salar_aoc1_amiloridesensitive_amine_oxidase	25.926	81	59	1	2.0	34.3	S.salar_aoc1_amiloridesensitive_amine_oxidase
S.salar_LOC106572836_SRSF_protein_kinase_1like_isoform_X1	27.586	58	42	0	2.2	33.9	S.salar_LOC106572836_SRSF_protein_kinase_1like_isoform_X1
X.laevis_eci1.L_enoylCoA_delta_isomerase_1_L_homeolog	23.134	134	99	2	3.1	33.1	X.laevis_eci1.L_enoylCoA_delta_isomerase_1_L_homeolog
S.salar_LOC106599002_ethylmalonylCoA_decarboxylaselike_isoform_X3	19.457	221	160	5	3.1	33.1	S.salar_LOC106599002_ethylmalonylCoA_decarboxylaselike_isoform_X3
F.catus_HADHA_trifunctional_enzyme_subunit_alpha_mitochondrial	26.437	87	62	2	3.8	33.1	F.catus_HADHA_trifunctional_enzyme_subunit_alpha_mitochondrial
G.gallus_ECI1_enoylCoA_delta_isomerase_1_mitochondrial	23.664	131	98	1	3.8	32.7	G.gallus_ECI1_enoylCoA_delta_isomerase_1_mitochondrial
S.salar_LOC106566414_SRSF_protein_kinase_1_isoform_X2	25.862	58	43	0	3.8	33.1	S.salar_LOC106566414_SRSF_protein_kinase_1_isoform_X2
G.gallus_AUH_methylglutaconylCoA_hydratase_mitochondrial_isoform_	25.439	114	65	3	6.5	32.3	G.gallus_AUH_methylglutaconylCoA_hydratase_mitochondrial_isoform_
S.salar_LOC106579683_LOW_QUALITY_PROTEIN_amiloridesensitive_amine	24.691	81	60	1	6.6	32.3	S.salar_LOC106579683_LOW_QUALITY_PROTEIN_amiloridesensitive_amine
F.catus_ECI1_enoylCoA_delta_isomerase_1_mitochondrial_isoform_X1	20.276	217	162	5	7.9	32.0	F.catus_ECI1_enoylCoA_delta_isomerase_1_mitochondrial_isoform_X1
