C.carcharias_cdyl_chromodomain_Ylike_protein_isoform_X2	564	330	559	1.97e-24	pfam00378, ECH_1, Enoyl-CoA hydratase/isomerase.  This family contains a diverse set of enzymes including: enoyl-CoA hydratase, napthoate synthase, carnitate racemase, 3-hydroxybutyryl-CoA dehydratase and dodecanoyl-CoA delta-isomerase.
C.carcharias_cdyl_chromodomain_Ylike_protein_isoform_X2	564	29	78	8.54e-20	pfam00385, Chromo, Chromo (CHRromatin Organisation MOdifier) domain.  
C.carcharias_eci2_enoylCoA_delta_isomerase_2_mitochondrial	394	40	115	2.80e-34	pfam00887, ACBP, Acyl CoA binding protein.  
C.carcharias_eci2_enoylCoA_delta_isomerase_2_mitochondrial	394	145	366	6.18e-32	pfam00378, ECH_1, Enoyl-CoA hydratase/isomerase.  This family contains a diverse set of enzymes including: enoyl-CoA hydratase, napthoate synthase, carnitate racemase, 3-hydroxybutyryl-CoA dehydratase and dodecanoyl-CoA delta-isomerase.
C.carcharias_LOC121279912_chromodomain_Ylike_protein_2_isoform_X2	510	276	506	7.93e-25	pfam00378, ECH_1, Enoyl-CoA hydratase/isomerase.  This family contains a diverse set of enzymes including: enoyl-CoA hydratase, napthoate synthase, carnitate racemase, 3-hydroxybutyryl-CoA dehydratase and dodecanoyl-CoA delta-isomerase.
C.carcharias_LOC121279912_chromodomain_Ylike_protein_2_isoform_X2	510	13	60	1.21e-18	pfam00385, Chromo, Chromo (CHRromatin Organisation MOdifier) domain.  
C.mydas_CDYL_chromodomain_Ylike_protein	544	7	58	3.03e-22	pfam00385, Chromo, Chromo (CHRromatin Organisation MOdifier) domain.  
C.mydas_CDYL_chromodomain_Ylike_protein	544	310	470	6.45e-22	pfam00378, ECH_1, Enoyl-CoA hydratase/isomerase.  This family contains a diverse set of enzymes including: enoyl-CoA hydratase, napthoate synthase, carnitate racemase, 3-hydroxybutyryl-CoA dehydratase and dodecanoyl-CoA delta-isomerase.
C.mydas_ECI2_enoylCoA_delta_isomerase_2_isoform_X1	462	109	184	2.54e-35	pfam00887, ACBP, Acyl CoA binding protein.  
C.mydas_ECI2_enoylCoA_delta_isomerase_2_isoform_X1	462	217	424	2.48e-32	pfam00378, ECH_1, Enoyl-CoA hydratase/isomerase.  This family contains a diverse set of enzymes including: enoyl-CoA hydratase, napthoate synthase, carnitate racemase, 3-hydroxybutyryl-CoA dehydratase and dodecanoyl-CoA delta-isomerase.
C.mydas_ECI2_enoylCoA_delta_isomerase_2_isoform_X1	462	221	339	9.00e-14	pfam16113, ECH_2, Enoyl-CoA hydratase/isomerase.  This family contains a diverse set of enzymes including: enoyl-CoA hydratase, napthoate synthase, carnitate racemase, 3-hydroxybutyryl-CoA dehydratase and dodecanoyl-CoA delta-isomerase. This family differs from pfam00378 in the structure of it's C-terminus.
C.mydas_CDYL2_chromodomain_Ylike_protein_2_isoform_X1	526	273	520	1.68e-21	pfam00378, ECH_1, Enoyl-CoA hydratase/isomerase.  This family contains a diverse set of enzymes including: enoyl-CoA hydratase, napthoate synthase, carnitate racemase, 3-hydroxybutyryl-CoA dehydratase and dodecanoyl-CoA delta-isomerase.
C.mydas_CDYL2_chromodomain_Ylike_protein_2_isoform_X1	526	7	56	2.58e-20	pfam00385, Chromo, Chromo (CHRromatin Organisation MOdifier) domain.  
D.rerio_eci2_enoylCoA_delta_isomerase_2_mitochondrial	392	41	115	9.47e-35	pfam00887, ACBP, Acyl CoA binding protein.  
D.rerio_eci2_enoylCoA_delta_isomerase_2_mitochondrial	392	144	357	6.30e-33	pfam00378, ECH_1, Enoyl-CoA hydratase/isomerase.  This family contains a diverse set of enzymes including: enoyl-CoA hydratase, napthoate synthase, carnitate racemase, 3-hydroxybutyryl-CoA dehydratase and dodecanoyl-CoA delta-isomerase.
D.rerio_eci2_enoylCoA_delta_isomerase_2_mitochondrial	392	150	291	2.10e-11	pfam16113, ECH_2, Enoyl-CoA hydratase/isomerase.  This family contains a diverse set of enzymes including: enoyl-CoA hydratase, napthoate synthase, carnitate racemase, 3-hydroxybutyryl-CoA dehydratase and dodecanoyl-CoA delta-isomerase. This family differs from pfam00378 in the structure of it's C-terminus.
D.rerio_cdyl_chromodomain_Ylike_protein	581	347	575	6.22e-24	pfam00378, ECH_1, Enoyl-CoA hydratase/isomerase.  This family contains a diverse set of enzymes including: enoyl-CoA hydratase, napthoate synthase, carnitate racemase, 3-hydroxybutyryl-CoA dehydratase and dodecanoyl-CoA delta-isomerase.
D.rerio_cdyl_chromodomain_Ylike_protein	581	8	59	7.54e-20	pfam00385, Chromo, Chromo (CHRromatin Organisation MOdifier) domain.  
E.caballus_ECI2_enoylCoA_delta_isomerase_2_mitochondrial	506	259	461	7.25e-34	pfam00378, ECH_1, Enoyl-CoA hydratase/isomerase.  This family contains a diverse set of enzymes including: enoyl-CoA hydratase, napthoate synthase, carnitate racemase, 3-hydroxybutyryl-CoA dehydratase and dodecanoyl-CoA delta-isomerase.
E.caballus_ECI2_enoylCoA_delta_isomerase_2_mitochondrial	506	152	227	1.09e-32	pfam00887, ACBP, Acyl CoA binding protein.  
E.caballus_CDYL_chromodomain_Ylike_protein_isoform_X1	566	332	561	3.71e-24	pfam00378, ECH_1, Enoyl-CoA hydratase/isomerase.  This family contains a diverse set of enzymes including: enoyl-CoA hydratase, napthoate synthase, carnitate racemase, 3-hydroxybutyryl-CoA dehydratase and dodecanoyl-CoA delta-isomerase.
E.caballus_CDYL_chromodomain_Ylike_protein_isoform_X1	566	29	80	9.14e-23	pfam00385, Chromo, Chromo (CHRromatin Organisation MOdifier) domain.  
E.caballus_CDYL2_chromodomain_Ylike_protein_2	505	271	499	2.43e-24	pfam00378, ECH_1, Enoyl-CoA hydratase/isomerase.  This family contains a diverse set of enzymes including: enoyl-CoA hydratase, napthoate synthase, carnitate racemase, 3-hydroxybutyryl-CoA dehydratase and dodecanoyl-CoA delta-isomerase.
E.caballus_CDYL2_chromodomain_Ylike_protein_2	505	7	56	4.32e-20	pfam00385, Chromo, Chromo (CHRromatin Organisation MOdifier) domain.  
F.catus_CDYL_chromodomain_Ylike_protein_isoform_X6	567	333	562	2.47e-23	pfam00378, ECH_1, Enoyl-CoA hydratase/isomerase.  This family contains a diverse set of enzymes including: enoyl-CoA hydratase, napthoate synthase, carnitate racemase, 3-hydroxybutyryl-CoA dehydratase and dodecanoyl-CoA delta-isomerase.
F.catus_CDYL_chromodomain_Ylike_protein_isoform_X6	567	32	81	8.67e-22	pfam00385, Chromo, Chromo (CHRromatin Organisation MOdifier) domain.  
F.catus_ECI2_enoylCoA_delta_isomerase_2_isoform_X2	460	107	181	9.77e-35	pfam00887, ACBP, Acyl CoA binding protein.  
F.catus_ECI2_enoylCoA_delta_isomerase_2_isoform_X2	460	213	415	1.20e-28	pfam00378, ECH_1, Enoyl-CoA hydratase/isomerase.  This family contains a diverse set of enzymes including: enoyl-CoA hydratase, napthoate synthase, carnitate racemase, 3-hydroxybutyryl-CoA dehydratase and dodecanoyl-CoA delta-isomerase.
F.catus_CDYL2_chromodomain_Ylike_protein_2	505	271	499	2.43e-24	pfam00378, ECH_1, Enoyl-CoA hydratase/isomerase.  This family contains a diverse set of enzymes including: enoyl-CoA hydratase, napthoate synthase, carnitate racemase, 3-hydroxybutyryl-CoA dehydratase and dodecanoyl-CoA delta-isomerase.
F.catus_CDYL2_chromodomain_Ylike_protein_2	505	7	56	3.19e-20	pfam00385, Chromo, Chromo (CHRromatin Organisation MOdifier) domain.  
G.aculeatus_eci2_LOW_QUALITY_PROTEIN_enoylCoA_delta_isomerase_2_m	395	146	369	9.42e-34	pfam00378, ECH_1, Enoyl-CoA hydratase/isomerase.  This family contains a diverse set of enzymes including: enoyl-CoA hydratase, napthoate synthase, carnitate racemase, 3-hydroxybutyryl-CoA dehydratase and dodecanoyl-CoA delta-isomerase.
G.aculeatus_eci2_LOW_QUALITY_PROTEIN_enoylCoA_delta_isomerase_2_m	395	40	115	7.46e-33	pfam00887, ACBP, Acyl CoA binding protein.  
G.aculeatus_eci2_LOW_QUALITY_PROTEIN_enoylCoA_delta_isomerase_2_m	395	153	252	3.29e-12	pfam16113, ECH_2, Enoyl-CoA hydratase/isomerase.  This family contains a diverse set of enzymes including: enoyl-CoA hydratase, napthoate synthase, carnitate racemase, 3-hydroxybutyryl-CoA dehydratase and dodecanoyl-CoA delta-isomerase. This family differs from pfam00378 in the structure of it's C-terminus.
G.aculeatus_cdyl_chromodomain_Ylike_protein_isoform_X1	560	326	558	3.40e-23	pfam00378, ECH_1, Enoyl-CoA hydratase/isomerase.  This family contains a diverse set of enzymes including: enoyl-CoA hydratase, napthoate synthase, carnitate racemase, 3-hydroxybutyryl-CoA dehydratase and dodecanoyl-CoA delta-isomerase.
G.aculeatus_cdyl_chromodomain_Ylike_protein_isoform_X1	560	7	58	3.19e-19	pfam00385, Chromo, Chromo (CHRromatin Organisation MOdifier) domain.  
G.aculeatus_LOC120830797_chromodomain_Ylike_protein_2	511	7	58	1.76e-21	pfam00385, Chromo, Chromo (CHRromatin Organisation MOdifier) domain.  
G.aculeatus_LOC120830797_chromodomain_Ylike_protein_2	511	277	505	1.78e-21	pfam00378, ECH_1, Enoyl-CoA hydratase/isomerase.  This family contains a diverse set of enzymes including: enoyl-CoA hydratase, napthoate synthase, carnitate racemase, 3-hydroxybutyryl-CoA dehydratase and dodecanoyl-CoA delta-isomerase.
G.gallus_CDYL_chromodomain_Ylike_protein_isoform_X1	544	7	58	2.51e-23	pfam00385, Chromo, Chromo (CHRromatin Organisation MOdifier) domain.  
G.gallus_CDYL_chromodomain_Ylike_protein_isoform_X1	544	310	539	1.39e-20	pfam00378, ECH_1, Enoyl-CoA hydratase/isomerase.  This family contains a diverse set of enzymes including: enoyl-CoA hydratase, napthoate synthase, carnitate racemase, 3-hydroxybutyryl-CoA dehydratase and dodecanoyl-CoA delta-isomerase.
G.gallus_ECI2_enoylCoA_delta_isomerase_2_isoform_X4	401	46	121	1.42e-35	pfam00887, ACBP, Acyl CoA binding protein.  
G.gallus_ECI2_enoylCoA_delta_isomerase_2_isoform_X4	401	152	360	2.05e-31	pfam00378, ECH_1, Enoyl-CoA hydratase/isomerase.  This family contains a diverse set of enzymes including: enoyl-CoA hydratase, napthoate synthase, carnitate racemase, 3-hydroxybutyryl-CoA dehydratase and dodecanoyl-CoA delta-isomerase.
G.gallus_CDYL2_chromodomain_Ylike_protein_2_isoform_X1	507	273	501	9.55e-25	pfam00378, ECH_1, Enoyl-CoA hydratase/isomerase.  This family contains a diverse set of enzymes including: enoyl-CoA hydratase, napthoate synthase, carnitate racemase, 3-hydroxybutyryl-CoA dehydratase and dodecanoyl-CoA delta-isomerase.
G.gallus_CDYL2_chromodomain_Ylike_protein_2_isoform_X1	507	7	56	2.77e-20	pfam00385, Chromo, Chromo (CHRromatin Organisation MOdifier) domain.  
H.sapiens_CDYL2_chromodomain_Ylike_protein_2_isoform_X1	540	306	534	2.93e-24	pfam00378, ECH_1, Enoyl-CoA hydratase/isomerase.  This family contains a diverse set of enzymes including: enoyl-CoA hydratase, napthoate synthase, carnitate racemase, 3-hydroxybutyryl-CoA dehydratase and dodecanoyl-CoA delta-isomerase.
H.sapiens_CDYL2_chromodomain_Ylike_protein_2_isoform_X1	540	42	90	1.12e-19	pfam00385, Chromo, Chromo (CHRromatin Organisation MOdifier) domain.  
H.sapiens_CDY2B_testisspecific_chromodomain_protein_Y_2	541	303	535	4.77e-23	pfam00378, ECH_1, Enoyl-CoA hydratase/isomerase.  This family contains a diverse set of enzymes including: enoyl-CoA hydratase, napthoate synthase, carnitate racemase, 3-hydroxybutyryl-CoA dehydratase and dodecanoyl-CoA delta-isomerase.
H.sapiens_CDY2B_testisspecific_chromodomain_protein_Y_2	541	6	57	2.78e-20	pfam00385, Chromo, Chromo (CHRromatin Organisation MOdifier) domain.  
H.sapiens_CDY2A_testisspecific_chromodomain_protein_Y_2	541	303	535	4.77e-23	pfam00378, ECH_1, Enoyl-CoA hydratase/isomerase.  This family contains a diverse set of enzymes including: enoyl-CoA hydratase, napthoate synthase, carnitate racemase, 3-hydroxybutyryl-CoA dehydratase and dodecanoyl-CoA delta-isomerase.
H.sapiens_CDY2A_testisspecific_chromodomain_protein_Y_2	541	6	57	2.78e-20	pfam00385, Chromo, Chromo (CHRromatin Organisation MOdifier) domain.  
H.sapiens_CDY1B_testisspecific_chromodomain_protein_Y_1_isoform_b	554	302	530	4.35e-21	pfam00378, ECH_1, Enoyl-CoA hydratase/isomerase.  This family contains a diverse set of enzymes including: enoyl-CoA hydratase, napthoate synthase, carnitate racemase, 3-hydroxybutyryl-CoA dehydratase and dodecanoyl-CoA delta-isomerase.
H.sapiens_CDY1B_testisspecific_chromodomain_protein_Y_1_isoform_b	554	6	57	2.47e-20	pfam00385, Chromo, Chromo (CHRromatin Organisation MOdifier) domain.  
H.sapiens_CDY1_testisspecific_chromodomain_protein_Y_1_isoform_b	554	302	530	4.35e-21	pfam00378, ECH_1, Enoyl-CoA hydratase/isomerase.  This family contains a diverse set of enzymes including: enoyl-CoA hydratase, napthoate synthase, carnitate racemase, 3-hydroxybutyryl-CoA dehydratase and dodecanoyl-CoA delta-isomerase.
H.sapiens_CDY1_testisspecific_chromodomain_protein_Y_1_isoform_b	554	6	57	2.47e-20	pfam00385, Chromo, Chromo (CHRromatin Organisation MOdifier) domain.  
H.sapiens_ECI2_enoylCoA_delta_isomerase_2_isoform_2	394	40	113	1.48e-32	pfam00887, ACBP, Acyl CoA binding protein.  
H.sapiens_ECI2_enoylCoA_delta_isomerase_2_isoform_2	394	147	354	1.14e-31	pfam00378, ECH_1, Enoyl-CoA hydratase/isomerase.  This family contains a diverse set of enzymes including: enoyl-CoA hydratase, napthoate synthase, carnitate racemase, 3-hydroxybutyryl-CoA dehydratase and dodecanoyl-CoA delta-isomerase.
H.sapiens_CDYL_chromodomain_Ylike_protein_isoform_e	598	364	593	5.97e-24	pfam00378, ECH_1, Enoyl-CoA hydratase/isomerase.  This family contains a diverse set of enzymes including: enoyl-CoA hydratase, napthoate synthase, carnitate racemase, 3-hydroxybutyryl-CoA dehydratase and dodecanoyl-CoA delta-isomerase.
H.sapiens_CDYL_chromodomain_Ylike_protein_isoform_e	598	62	112	3.87e-22	pfam00385, Chromo, Chromo (CHRromatin Organisation MOdifier) domain.  
S.salar_eci2_enoylCoA_delta_isomerase_2_mitochondrial	358	7	81	4.00e-35	pfam00887, ACBP, Acyl CoA binding protein.  
S.salar_eci2_enoylCoA_delta_isomerase_2_mitochondrial	358	110	351	6.43e-28	pfam00378, ECH_1, Enoyl-CoA hydratase/isomerase.  This family contains a diverse set of enzymes including: enoyl-CoA hydratase, napthoate synthase, carnitate racemase, 3-hydroxybutyryl-CoA dehydratase and dodecanoyl-CoA delta-isomerase.
S.salar_eci2_enoylCoA_delta_isomerase_2_mitochondrial	358	116	257	2.75e-13	pfam16113, ECH_2, Enoyl-CoA hydratase/isomerase.  This family contains a diverse set of enzymes including: enoyl-CoA hydratase, napthoate synthase, carnitate racemase, 3-hydroxybutyryl-CoA dehydratase and dodecanoyl-CoA delta-isomerase. This family differs from pfam00378 in the structure of it's C-terminus.
S.salar_LOC106568662_chromodomain_Ylike_protein_isoform_X2	594	360	588	3.13e-24	pfam00378, ECH_1, Enoyl-CoA hydratase/isomerase.  This family contains a diverse set of enzymes including: enoyl-CoA hydratase, napthoate synthase, carnitate racemase, 3-hydroxybutyryl-CoA dehydratase and dodecanoyl-CoA delta-isomerase.
S.salar_LOC106568662_chromodomain_Ylike_protein_isoform_X2	594	7	58	1.81e-20	pfam00385, Chromo, Chromo (CHRromatin Organisation MOdifier) domain.  
S.salar_LOC106597143_chromodomain_Ylike_protein	593	359	588	7.42e-23	pfam00378, ECH_1, Enoyl-CoA hydratase/isomerase.  This family contains a diverse set of enzymes including: enoyl-CoA hydratase, napthoate synthase, carnitate racemase, 3-hydroxybutyryl-CoA dehydratase and dodecanoyl-CoA delta-isomerase.
S.salar_LOC106597143_chromodomain_Ylike_protein	593	7	58	1.03e-20	pfam00385, Chromo, Chromo (CHRromatin Organisation MOdifier) domain.  
S.salar_LOC106590083_enoylCoA_delta_isomerase_2	390	39	113	1.39e-35	pfam00887, ACBP, Acyl CoA binding protein.  
S.salar_LOC106590083_enoylCoA_delta_isomerase_2	390	142	383	1.31e-29	pfam00378, ECH_1, Enoyl-CoA hydratase/isomerase.  This family contains a diverse set of enzymes including: enoyl-CoA hydratase, napthoate synthase, carnitate racemase, 3-hydroxybutyryl-CoA dehydratase and dodecanoyl-CoA delta-isomerase.
S.salar_LOC106590083_enoylCoA_delta_isomerase_2	390	148	267	5.53e-12	pfam16113, ECH_2, Enoyl-CoA hydratase/isomerase.  This family contains a diverse set of enzymes including: enoyl-CoA hydratase, napthoate synthase, carnitate racemase, 3-hydroxybutyryl-CoA dehydratase and dodecanoyl-CoA delta-isomerase. This family differs from pfam00378 in the structure of it's C-terminus.
S.salar_LOC106562298_chromodomain_Ylike_protein_2	535	301	529	6.79e-20	pfam00378, ECH_1, Enoyl-CoA hydratase/isomerase.  This family contains a diverse set of enzymes including: enoyl-CoA hydratase, napthoate synthase, carnitate racemase, 3-hydroxybutyryl-CoA dehydratase and dodecanoyl-CoA delta-isomerase.
S.salar_LOC106562298_chromodomain_Ylike_protein_2	535	7	53	1.03e-19	pfam00385, Chromo, Chromo (CHRromatin Organisation MOdifier) domain.  
S.salar_LOC106587457_chromodomain_Ylike_protein_2	518	284	512	6.39e-20	pfam00378, ECH_1, Enoyl-CoA hydratase/isomerase.  This family contains a diverse set of enzymes including: enoyl-CoA hydratase, napthoate synthase, carnitate racemase, 3-hydroxybutyryl-CoA dehydratase and dodecanoyl-CoA delta-isomerase.
S.salar_LOC106587457_chromodomain_Ylike_protein_2	518	7	53	9.49e-20	pfam00385, Chromo, Chromo (CHRromatin Organisation MOdifier) domain.  
S.townsendi_CDYL_chromodomain_Ylike_protein	603	73	122	3.40e-21	pfam00385, Chromo, Chromo (CHRromatin Organisation MOdifier) domain.  
S.townsendi_CDYL_chromodomain_Ylike_protein	603	369	529	8.77e-21	pfam00378, ECH_1, Enoyl-CoA hydratase/isomerase.  This family contains a diverse set of enzymes including: enoyl-CoA hydratase, napthoate synthase, carnitate racemase, 3-hydroxybutyryl-CoA dehydratase and dodecanoyl-CoA delta-isomerase.
S.townsendi_ECI2_enoylCoA_delta_isomerase_2	298	53	294	3.64e-35	pfam00378, ECH_1, Enoyl-CoA hydratase/isomerase.  This family contains a diverse set of enzymes including: enoyl-CoA hydratase, napthoate synthase, carnitate racemase, 3-hydroxybutyryl-CoA dehydratase and dodecanoyl-CoA delta-isomerase.
S.townsendi_LOC125439329_enoylCoA_delta_isomerase_2like_isoform_X	405	157	401	7.54e-37	pfam00378, ECH_1, Enoyl-CoA hydratase/isomerase.  This family contains a diverse set of enzymes including: enoyl-CoA hydratase, napthoate synthase, carnitate racemase, 3-hydroxybutyryl-CoA dehydratase and dodecanoyl-CoA delta-isomerase.
S.townsendi_LOC125439329_enoylCoA_delta_isomerase_2like_isoform_X	405	52	127	4.50e-36	pfam00887, ACBP, Acyl CoA binding protein.  
S.townsendi_LOC125439329_enoylCoA_delta_isomerase_2like_isoform_X	405	164	394	1.51e-14	pfam16113, ECH_2, Enoyl-CoA hydratase/isomerase.  This family contains a diverse set of enzymes including: enoyl-CoA hydratase, napthoate synthase, carnitate racemase, 3-hydroxybutyryl-CoA dehydratase and dodecanoyl-CoA delta-isomerase. This family differs from pfam00378 in the structure of it's C-terminus.
S.townsendi_CDYL2_chromodomain_Ylike_protein_2_isoform_X2	505	271	499	6.87e-24	pfam00378, ECH_1, Enoyl-CoA hydratase/isomerase.  This family contains a diverse set of enzymes including: enoyl-CoA hydratase, napthoate synthase, carnitate racemase, 3-hydroxybutyryl-CoA dehydratase and dodecanoyl-CoA delta-isomerase.
S.townsendi_CDYL2_chromodomain_Ylike_protein_2_isoform_X2	505	7	56	2.54e-20	pfam00385, Chromo, Chromo (CHRromatin Organisation MOdifier) domain.  
X.laevis_cdyl2.S_chromodomain_Ylike_protein_2	498	264	492	6.65e-24	pfam00378, ECH_1, Enoyl-CoA hydratase/isomerase.  This family contains a diverse set of enzymes including: enoyl-CoA hydratase, napthoate synthase, carnitate racemase, 3-hydroxybutyryl-CoA dehydratase and dodecanoyl-CoA delta-isomerase.
X.laevis_cdyl2.S_chromodomain_Ylike_protein_2	498	7	56	8.57e-19	pfam00385, Chromo, Chromo (CHRromatin Organisation MOdifier) domain.  
X.laevis_cdyl2.L_chromodomain_Ylike_protein_2	497	263	491	1.78e-23	pfam00378, ECH_1, Enoyl-CoA hydratase/isomerase.  This family contains a diverse set of enzymes including: enoyl-CoA hydratase, napthoate synthase, carnitate racemase, 3-hydroxybutyryl-CoA dehydratase and dodecanoyl-CoA delta-isomerase.
X.laevis_cdyl2.L_chromodomain_Ylike_protein_2	497	7	56	1.57e-19	pfam00385, Chromo, Chromo (CHRromatin Organisation MOdifier) domain.  
X.laevis_cdyl.S_chromodomain_Ylike_protein_isoform_X2	540	7	58	4.25e-21	pfam00385, Chromo, Chromo (CHRromatin Organisation MOdifier) domain.  
X.laevis_cdyl.S_chromodomain_Ylike_protein_isoform_X2	540	306	535	3.51e-20	pfam00378, ECH_1, Enoyl-CoA hydratase/isomerase.  This family contains a diverse set of enzymes including: enoyl-CoA hydratase, napthoate synthase, carnitate racemase, 3-hydroxybutyryl-CoA dehydratase and dodecanoyl-CoA delta-isomerase.
X.laevis_eci3.L_enoylCoA_delta_isomerase_2_isoform_X1	325	85	290	3.00e-36	pfam00378, ECH_1, Enoyl-CoA hydratase/isomerase.  This family contains a diverse set of enzymes including: enoyl-CoA hydratase, napthoate synthase, carnitate racemase, 3-hydroxybutyryl-CoA dehydratase and dodecanoyl-CoA delta-isomerase.
X.laevis_eci2.L_enoylCoA_delta_isomerase_2_L_homeolog_isoform_X1	365	12	83	3.40e-33	pfam00887, ACBP, Acyl CoA binding protein.  
X.laevis_eci2.L_enoylCoA_delta_isomerase_2_L_homeolog_isoform_X1	365	121	320	2.06e-31	pfam00378, ECH_1, Enoyl-CoA hydratase/isomerase.  This family contains a diverse set of enzymes including: enoyl-CoA hydratase, napthoate synthase, carnitate racemase, 3-hydroxybutyryl-CoA dehydratase and dodecanoyl-CoA delta-isomerase.
X.laevis_eci2.L_enoylCoA_delta_isomerase_2_L_homeolog_isoform_X1	365	124	307	3.07e-12	pfam16113, ECH_2, Enoyl-CoA hydratase/isomerase.  This family contains a diverse set of enzymes including: enoyl-CoA hydratase, napthoate synthase, carnitate racemase, 3-hydroxybutyryl-CoA dehydratase and dodecanoyl-CoA delta-isomerase. This family differs from pfam00378 in the structure of it's C-terminus.
X.laevis_cdyl.L_chromodomain_Ylike_protein	541	7	58	1.42e-21	pfam00385, Chromo, Chromo (CHRromatin Organisation MOdifier) domain.  
X.laevis_cdyl.L_chromodomain_Ylike_protein	541	307	536	3.49e-20	pfam00378, ECH_1, Enoyl-CoA hydratase/isomerase.  This family contains a diverse set of enzymes including: enoyl-CoA hydratase, napthoate synthase, carnitate racemase, 3-hydroxybutyryl-CoA dehydratase and dodecanoyl-CoA delta-isomerase.
